2021-08-14
14:01:37	-	NO Connection ...14:01:42	-	NO Connection ...14:01:47	-	Connected 
14:01:52	-	Connected 
2021-08-14
14:02:05	-	Connected 
14:02:22	-	Connected 
14:02:28	-	Connected 
14:02:33	-	Connected 
14:02:38	-	Connected 
14:02:43	-	Connected 
14:02:482021-08-14
14:04:282021-08-14
14:04:362021-08-14
14:04:41	-	Connected 
14:05:56	-	Connected 
14:06:01	-	Connected 
14:06:07	-	NO Connection ...
14:07:52	-	Connected 
14:08:57	-	Connected 
14:09:02	-	Connected 
14:09:07	-	Connected 
14:09:12	-	Connected 
14:09:18	-	Connected 
14:09:23	-	Connected 
14:09:28	-	Connected 
14:09:33	-	Connected 
14:09:38	-	Connected 
14:09:43	-	Connected 
14:09:48	-	Connected 
14:09:53	-	Connected 
14:09:58	-	Connected 
14:10:04	-	Connected 
14:10:09	-	Connected 
14:10:14	-	Connected 
14:10:19	-	Connected 
14:10:24	-	Connected 
14:10:29	-	Connected 
14:10:34	-	Connected 
14:10:40	-	Connected 
14:10:45	-	Connected 
14:10:50	-	Connected 
14:10:55	-	Connected 
14:11:00	-	Connected 
14:11:05	-	Connected 
14:11:10	-	Connected 
14:11:15	-	Connected 
14:11:20	-	Connected 
14:11:25	-	Connected 
14:11:31	-	Connected 
2021-08-14
14:11:34	-	Connected 
14:11:39	-	Connected 
14:11:44	-	Connected 
14:11:49	-	Connected 
14:11:55	-	Connected 
14:12:00	-	Connected 
14:12:05	-	Connected 
14:12:10	-	Connected 
14:12:15	-	Connected 
14:12:20	-	Connected 
14:12:25	-	Connected 
14:12:30	-	Connected 
14:12:35	-	Connected 
14:12:40	-	Connected 
14:12:46	-	Connected 
14:12:51	-	Connected 
14:12:56	-	Connected 
14:13:01	-	Connected 
14:13:06	-	Connected 
14:13:11	-	Connected 
14:13:16	-	Connected 
14:13:21	-	Connected 
14:13:26	-	Connected 
14:13:31	-	Connected 
14:13:37	-	Connected 
14:13:42	-	Connected 
14:13:47	-	Connected 
14:13:57	-	Connected 
14:14:02	-	Connected 
14:14:07	-	Connected 
14:14:12	-	Connected 
14:14:17	-	Connected 
14:14:22	-	Connected 
14:14:28	-	Connected 
14:14:33	-	Connected 
14:14:38	-	Connected 
14:14:43	-	Connected 
14:14:48	-	Connected 
14:14:53	-	Connected 
14:14:58	-	Connected 
14:15:03	-	Connected 
14:15:08	-	Connected 
14:15:14	-	Connected 
2021-08-14
Connected to TelenetWiFree_Intel with wlp6s0: 
14:15:16	-	Connected 
14:15:21	-	Connected 
14:15:27	-	Connected 
14:15:32	-	Connected 
14:15:37	-	Connected 
14:15:42	-	Connected 
14:15:47	-	Connected 
14:15:52	-	Connected 
14:15:57	-	Connected 
14:16:02	-	Connected 
14:16:07	-	Connected 
14:16:12	-	Connected 
14:16:18	-	Connected 
14:16:23	-	Connected 
14:16:28	-	Connected 
14:16:33	-	Connected 
14:16:38	-	Connected 
14:16:43	-	Connected 
14:16:48	-	Connected 
14:16:53	-	Connected 
14:16:58	-	Connected 
14:17:08	-	Connected 
